INFO [2025-02-18 19:49:26] [[1]]
INFO [2025-02-18 19:49:26] list(Glycolysis = Glycolysis[, 1], TCA = TCA[, 1], OXPHOS = OXPHOS[, 
INFO [2025-02-18 19:49:26]     1])
INFO [2025-02-18 19:49:26] 
INFO [2025-02-18 19:49:26] $filename
INFO [2025-02-18 19:49:26] NULL
INFO [2025-02-18 19:49:26] 
INFO [2025-02-18 19:49:26] $fill
INFO [2025-02-18 19:49:26] c("#BBDEFB", "#FFCDD2", "#B2EBF2")
INFO [2025-02-18 19:49:26] 
INFO [2025-02-18 19:49:26] $alpha
INFO [2025-02-18 19:49:26] c(0.5, 0.5, 0.5)
INFO [2025-02-18 19:49:26] 
INFO [2025-02-18 19:49:26] $cex
INFO [2025-02-18 19:49:26] [1] 2
INFO [2025-02-18 19:49:26] 
INFO [2025-02-18 19:49:26] $cat.fontface
INFO [2025-02-18 19:49:26] [1] 4
INFO [2025-02-18 19:49:26] 
INFO [2025-02-18 19:49:26] $cat.cex
INFO [2025-02-18 19:49:26] [1] 1.4
INFO [2025-02-18 19:49:26] 
