INFO [2025-02-18 19:54:54] [[1]]
INFO [2025-02-18 19:54:54] list(Glycolysis = dat[, 1], TCA = dat[, 2], OXPHOS = dat[, 3])
INFO [2025-02-18 19:54:54] 
INFO [2025-02-18 19:54:54] $filename
INFO [2025-02-18 19:54:54] NULL
INFO [2025-02-18 19:54:54] 
INFO [2025-02-18 19:54:54] $fill
INFO [2025-02-18 19:54:54] c("#BBDEFB", "#FFCDD2", "#B2EBF2")
INFO [2025-02-18 19:54:54] 
INFO [2025-02-18 19:54:54] $alpha
INFO [2025-02-18 19:54:54] c(0.5, 0.5, 0.5)
INFO [2025-02-18 19:54:54] 
INFO [2025-02-18 19:54:54] $cex
INFO [2025-02-18 19:54:54] [1] 2
INFO [2025-02-18 19:54:54] 
INFO [2025-02-18 19:54:54] $cat.fontface
INFO [2025-02-18 19:54:54] [1] 4
INFO [2025-02-18 19:54:54] 
INFO [2025-02-18 19:54:54] $cat.cex
INFO [2025-02-18 19:54:54] [1] 1.4
INFO [2025-02-18 19:54:54] 
